Using pre-set license
Built from '2021.3/staging' branch; Version is '2021.3.4f1 (cb45f9cae8b7) revision 13321721'; Using compiler version '192829333'; Build Type 'Release'
OS: 'Windows 10  (10.0.19044) 64bit Core' Language: 'en' Physical Memory: 16219 MB
BatchMode: 1, IsHumanControllingUs: 0, StartBugReporterOnCrash: 0, Is64bit: 1, IsPro: 1

COMMAND LINE ARGUMENTS:
C:\Program Files\Unity\Hub\Editor\2021.3.4f1\Editor\Unity.exe
-adb2
-batchMode
-noUpm
-name
AssetImportWorker2
-projectPath
C:/Users/rocke/OneDrive/Desktop/Spring 2023 Classes/Game Creation 415/mod3-cardgames-Acetorrent
-logFile
Logs/AssetImportWorker2.log
-srvPort
53320
Successfully changed project path to: C:/Users/rocke/OneDrive/Desktop/Spring 2023 Classes/Game Creation 415/mod3-cardgames-Acetorrent
C:/Users/rocke/OneDrive/Desktop/Spring 2023 Classes/Game Creation 415/mod3-cardgames-Acetorrent
[UnityMemory] Configuration Parameters - Can be set up in boot.config
    "memorysetup-bucket-allocator-granularity=16"
    "memorysetup-bucket-allocator-bucket-count=8"
    "memorysetup-bucket-allocator-block-size=33554432"
    "memorysetup-bucket-allocator-block-count=8"
    "memorysetup-main-allocator-block-size=16777216"
    "memorysetup-thread-allocator-block-size=16777216"
    "memorysetup-gfx-main-allocator-block-size=16777216"
    "memorysetup-gfx-thread-allocator-block-size=16777216"
    "memorysetup-cache-allocator-block-size=4194304"
    "memorysetup-typetree-allocator-block-size=2097152"
    "memorysetup-profiler-bucket-allocator-granularity=16"
    "memorysetup-profiler-bucket-allocator-bucket-count=8"
    "memorysetup-profiler-bucket-allocator-block-size=33554432"
    "memorysetup-profiler-bucket-allocator-block-count=8"
    "memorysetup-profiler-allocator-block-size=16777216"
    "memorysetup-profiler-editor-allocator-block-size=1048576"
    "memorysetup-temp-allocator-size-main=16777216"
    "memorysetup-job-temp-allocator-block-size=2097152"
    "memorysetup-job-temp-allocator-block-size-background=1048576"
    "memorysetup-job-temp-allocator-reduction-small-platforms=262144"
    "memorysetup-temp-allocator-size-background-worker=32768"
    "memorysetup-temp-allocator-size-job-worker=262144"
    "memorysetup-temp-allocator-size-preload-manager=33554432"
    "memorysetup-temp-allocator-size-nav-mesh-worker=65536"
    "memorysetup-temp-allocator-size-audio-worker=65536"
    "memorysetup-temp-allocator-size-cloud-worker=32768"
    "memorysetup-temp-allocator-size-gi-baking-worker=262144"
    "memorysetup-temp-allocator-size-gfx=262144"
Refreshing native plugins compatible for Editor in 29.80 ms, found 2 plugins.
Preloading 0 native plugins for Editor in 0.00 ms.
Initialize engine version: 2021.3.4f1 (cb45f9cae8b7)
[Subsystems] Discovering subsystems at path C:/Program Files/Unity/Hub/Editor/2021.3.4f1/Editor/Data/Resources/UnitySubsystems
[Subsystems] Discovering subsystems at path C:/Users/rocke/OneDrive/Desktop/Spring 2023 Classes/Game Creation 415/mod3-cardgames-Acetorrent/Assets
GfxDevice: creating device client; threaded=0; jobified=0
Direct3D:
    Version:  Direct3D 11.0 [level 11.1]
    Renderer: NVIDIA GeForce RTX 2060 (ID=0x1f15)
    Vendor:   NVIDIA
    VRAM:     5968 MB
    Driver:   31.0.15.3118
Initialize mono
Mono path[0] = 'C:/Program Files/Unity/Hub/Editor/2021.3.4f1/Editor/Data/Managed'
Mono path[1] = 'C:/Program Files/Unity/Hub/Editor/2021.3.4f1/Editor/Data/MonoBleedingEdge/lib/mono/unityjit-win32'
Mono config path = 'C:/Program Files/Unity/Hub/Editor/2021.3.4f1/Editor/Data/MonoBleedingEdge/etc'
Using monoOptions --debugger-agent=transport=dt_socket,embedding=1,server=y,suspend=n,address=127.0.0.1:56264
Begin MonoManager ReloadAssembly
Registering precompiled unity dll's ...
Register platform support module: C:/Program Files/Unity/Hub/Editor/2021.3.4f1/Editor/Data/PlaybackEngines/WebGLSupport/UnityEditor.WebGL.Extensions.dll
Register platform support module: C:/Program Files/Unity/Hub/Editor/2021.3.4f1/Editor/Data/PlaybackEngines/WindowsStandaloneSupport/UnityEditor.WindowsStandalone.Extensions.dll
Registered in 0.010625 seconds.
Native extension for WindowsStandalone target not found
Native extension for WebGL target not found
Refreshing native plugins compatible for Editor in 29.21 ms, found 2 plugins.
Preloading 0 native plugins for Editor in 0.00 ms.
Mono: successfully reloaded assembly
- Completed reload, in  0.895 seconds
Domain Reload Profiling:
	ReloadAssembly (895ms)
		BeginReloadAssembly (77ms)
			ExecutionOrderSort (0ms)
			DisableScriptedObjects (0ms)
			BackupInstance (0ms)
			ReleaseScriptingObjects (0ms)
			CreateAndSetChildDomain (1ms)
		EndReloadAssembly (578ms)
			LoadAssemblies (74ms)
			RebuildTransferFunctionScriptingTraits (0ms)
			SetupTypeCache (256ms)
			ReleaseScriptCaches (0ms)
			RebuildScriptCaches (27ms)
			SetupLoadedEditorAssemblies (240ms)
				LogAssemblyErrors (0ms)
				InitializePlatformSupportModulesInManaged (9ms)
				SetLoadedEditorAssemblies (0ms)
				RefreshPlugins (29ms)
				BeforeProcessingInitializeOnLoad (1ms)
				ProcessInitializeOnLoadAttributes (152ms)
				ProcessInitializeOnLoadMethodAttributes (48ms)
				AfterProcessingInitializeOnLoad (0ms)
				EditorAssembliesLoaded (0ms)
			ExecutionOrderSort2 (0ms)
			AwakeInstancesAfterBackupRestoration (0ms)
Platform modules already initialized, skipping
Registering precompiled user dll's ...
Registered in 0.004363 seconds.
Begin MonoManager ReloadAssembly
Native extension for WindowsStandalone target not found
Native extension for WebGL target not found
Refreshing native plugins compatible for Editor in 0.38 ms, found 2 plugins.
Preloading 0 native plugins for Editor in 0.00 ms.
Mono: successfully reloaded assembly
- Completed reload, in  0.991 seconds
Domain Reload Profiling:
	ReloadAssembly (992ms)
		BeginReloadAssembly (123ms)
			ExecutionOrderSort (0ms)
			DisableScriptedObjects (7ms)
			BackupInstance (0ms)
			ReleaseScriptingObjects (0ms)
			CreateAndSetChildDomain (20ms)
		EndReloadAssembly (733ms)
			LoadAssemblies (75ms)
			RebuildTransferFunctionScriptingTraits (0ms)
			SetupTypeCache (189ms)
			ReleaseScriptCaches (1ms)
			RebuildScriptCaches (44ms)
			SetupLoadedEditorAssemblies (390ms)
				LogAssemblyErrors (0ms)
				InitializePlatformSupportModulesInManaged (8ms)
				SetLoadedEditorAssemblies (1ms)
				RefreshPlugins (0ms)
				BeforeProcessingInitializeOnLoad (59ms)
				ProcessInitializeOnLoadAttributes (280ms)
				ProcessInitializeOnLoadMethodAttributes (34ms)
				AfterProcessingInitializeOnLoad (8ms)
				EditorAssembliesLoaded (0ms)
			ExecutionOrderSort2 (0ms)
			AwakeInstancesAfterBackupRestoration (5ms)
Platform modules already initialized, skipping
========================================================================
Worker process is ready to serve import requests
Launched and connected shader compiler UnityShaderCompiler.exe after 0.07 seconds
Refreshing native plugins compatible for Editor in 0.31 ms, found 2 plugins.
Preloading 0 native plugins for Editor in 0.00 ms.
Unloading 1720 Unused Serialized files (Serialized files now loaded: 0)
Unloading 19 unused Assets / (55.3 KB). Loaded Objects now: 2184.
Memory consumption went from 74.0 MB to 73.9 MB.
Total: 2.238300 ms (FindLiveObjects: 0.145300 ms CreateObjectMapping: 0.073400 ms MarkObjects: 1.976600 ms  DeleteObjects: 0.042200 ms)

AssetImportParameters requested are different than current active one (requested -> active):
  custom:video-decoder-ogg-theora: a1e56fd34408186e4bbccfd4996cb3dc -> 
  custom:container-muxer-webm: aa71ff27fc2769a1b78a27578f13a17b -> 
  custom:container-demuxer-webm: 4f35f7cbe854078d1ac9338744f61a02 -> 
  custom:video-encoder-webm-vp8: eb34c28f22e8b96e1ab97ce403110664 -> 
  custom:audio-encoder-webm-vorbis: bf7c407c2cedff20999df2af8eb42d56 -> 
  custom:framework-win-MediaFoundation: 216162199b28c13a410421893ffa2e32 -> 
  custom:container-demuxer-ogg: 62fdf1f143b41e24485cea50d1cbac27 -> 
  custom:video-decoder-webm-vp8: 9c59270c3fd7afecdb556c50c9e8de78 -> 
  custom:audio-decoder-ogg-vorbis: bf7c407c2cedff20999df2af8eb42d56 -> 
========================================================================
Received Import Request.
  Time since last request: 1803929.503919 seconds.
  path: Assets/Prospector/__Scripts/Prospector.cs
  artifactKey: Guid(b73bf74758688ee4d87d445681e415aa) Importer(815301076,1909f56bfc062723c751e8b465ee728b)
Start importing Assets/Prospector/__Scripts/Prospector.cs using Guid(b73bf74758688ee4d87d445681e415aa) Importer(815301076,1909f56bfc062723c751e8b465ee728b)  -> (artifact id: '8bb786f4676d193db91aaf1610bd6039') in 0.022954 seconds 
========================================================================
Received Import Request.
  Time since last request: 10.710853 seconds.
  path: Assets/Prospector/__Scripts/Prospector.cs
  artifactKey: Guid(b73bf74758688ee4d87d445681e415aa) Importer(815301076,1909f56bfc062723c751e8b465ee728b)
Start importing Assets/Prospector/__Scripts/Prospector.cs using Guid(b73bf74758688ee4d87d445681e415aa) Importer(815301076,1909f56bfc062723c751e8b465ee728b)  -> (artifact id: '7cc77a99865449b098676743847c7377') in 0.001891 seconds 
========================================================================
Received Import Request.
  Time since last request: 41.444500 seconds.
  path: Assets/Prospector/__Scripts/Prospector.cs
  artifactKey: Guid(b73bf74758688ee4d87d445681e415aa) Importer(815301076,1909f56bfc062723c751e8b465ee728b)
Start importing Assets/Prospector/__Scripts/Prospector.cs using Guid(b73bf74758688ee4d87d445681e415aa) Importer(815301076,1909f56bfc062723c751e8b465ee728b)  -> (artifact id: '823107530a7c30917e330125b42818f2') in 0.002568 seconds 
========================================================================
Received Import Request.
  Time since last request: 27.161087 seconds.
  path: Assets/Prospector/__Scripts/Prospector.cs
  artifactKey: Guid(b73bf74758688ee4d87d445681e415aa) Importer(815301076,1909f56bfc062723c751e8b465ee728b)
Start importing Assets/Prospector/__Scripts/Prospector.cs using Guid(b73bf74758688ee4d87d445681e415aa) Importer(815301076,1909f56bfc062723c751e8b465ee728b)  -> (artifact id: '1a5c2588a4af637f8d24cf7178aa3b8e') in 0.002241 seconds 
========================================================================
Received Prepare
Registering precompiled user dll's ...
Registered in 0.005502 seconds.
Begin MonoManager ReloadAssembly
Native extension for WindowsStandalone target not found
Native extension for WebGL target not found
Refreshing native plugins compatible for Editor in 0.63 ms, found 2 plugins.
Preloading 0 native plugins for Editor in 0.00 ms.
Mono: successfully reloaded assembly
- Completed reload, in  0.946 seconds
Domain Reload Profiling:
	ReloadAssembly (947ms)
		BeginReloadAssembly (123ms)
			ExecutionOrderSort (0ms)
			DisableScriptedObjects (5ms)
			BackupInstance (0ms)
			ReleaseScriptingObjects (0ms)
			CreateAndSetChildDomain (30ms)
		EndReloadAssembly (703ms)
			LoadAssemblies (74ms)
			RebuildTransferFunctionScriptingTraits (0ms)
			SetupTypeCache (213ms)
			ReleaseScriptCaches (1ms)
			RebuildScriptCaches (36ms)
			SetupLoadedEditorAssemblies (339ms)
				LogAssemblyErrors (0ms)
				InitializePlatformSupportModulesInManaged (18ms)
				SetLoadedEditorAssemblies (1ms)
				RefreshPlugins (1ms)
				BeforeProcessingInitializeOnLoad (55ms)
				ProcessInitializeOnLoadAttributes (226ms)
				ProcessInitializeOnLoadMethodAttributes (29ms)
				AfterProcessingInitializeOnLoad (10ms)
				EditorAssembliesLoaded (0ms)
			ExecutionOrderSort2 (0ms)
			AwakeInstancesAfterBackupRestoration (5ms)
Platform modules already initialized, skipping
Refreshing native plugins compatible for Editor in 1.42 ms, found 2 plugins.
Preloading 0 native plugins for Editor in 0.00 ms.
Unloading 1713 Unused Serialized files (Serialized files now loaded: 0)
Unloading 12 unused Assets / (24.6 KB). Loaded Objects now: 2187.
Memory consumption went from 73.7 MB to 73.6 MB.
Total: 2.771400 ms (FindLiveObjects: 0.143800 ms CreateObjectMapping: 0.066300 ms MarkObjects: 2.546400 ms  DeleteObjects: 0.014000 ms)

AssetImportParameters requested are different than current active one (requested -> active):
  custom:video-decoder-ogg-theora: a1e56fd34408186e4bbccfd4996cb3dc -> 
  custom:container-muxer-webm: aa71ff27fc2769a1b78a27578f13a17b -> 
  custom:container-demuxer-webm: 4f35f7cbe854078d1ac9338744f61a02 -> 
  custom:video-encoder-webm-vp8: eb34c28f22e8b96e1ab97ce403110664 -> 
  custom:audio-encoder-webm-vorbis: bf7c407c2cedff20999df2af8eb42d56 -> 
  custom:framework-win-MediaFoundation: 216162199b28c13a410421893ffa2e32 -> 
  custom:container-demuxer-ogg: 62fdf1f143b41e24485cea50d1cbac27 -> 
  custom:video-decoder-webm-vp8: 9c59270c3fd7afecdb556c50c9e8de78 -> 
  custom:audio-decoder-ogg-vorbis: bf7c407c2cedff20999df2af8eb42d56 -> 
========================================================================
Received Prepare
Registering precompiled user dll's ...
Registered in 0.004325 seconds.
Begin MonoManager ReloadAssembly
Native extension for WindowsStandalone target not found
Native extension for WebGL target not found
Refreshing native plugins compatible for Editor in 0.33 ms, found 2 plugins.
Preloading 0 native plugins for Editor in 0.00 ms.
Mono: successfully reloaded assembly
- Completed reload, in  0.964 seconds
Domain Reload Profiling:
	ReloadAssembly (965ms)
		BeginReloadAssembly (128ms)
			ExecutionOrderSort (0ms)
			DisableScriptedObjects (7ms)
			BackupInstance (0ms)
			ReleaseScriptingObjects (0ms)
			CreateAndSetChildDomain (30ms)
		EndReloadAssembly (716ms)
			LoadAssemblies (76ms)
			RebuildTransferFunctionScriptingTraits (0ms)
			SetupTypeCache (185ms)
			ReleaseScriptCaches (1ms)
			RebuildScriptCaches (40ms)
			SetupLoadedEditorAssemblies (373ms)
				LogAssemblyErrors (0ms)
				InitializePlatformSupportModulesInManaged (18ms)
				SetLoadedEditorAssemblies (0ms)
				RefreshPlugins (0ms)
				BeforeProcessingInitializeOnLoad (57ms)
				ProcessInitializeOnLoadAttributes (250ms)
				ProcessInitializeOnLoadMethodAttributes (35ms)
				AfterProcessingInitializeOnLoad (11ms)
				EditorAssembliesLoaded (0ms)
			ExecutionOrderSort2 (0ms)
			AwakeInstancesAfterBackupRestoration (8ms)
Platform modules already initialized, skipping
Refreshing native plugins compatible for Editor in 1.50 ms, found 2 plugins.
Preloading 0 native plugins for Editor in 0.00 ms.
Unloading 1713 Unused Serialized files (Serialized files now loaded: 0)
Unloading 12 unused Assets / (24.6 KB). Loaded Objects now: 2190.
Memory consumption went from 73.7 MB to 73.6 MB.
Total: 2.710500 ms (FindLiveObjects: 0.137800 ms CreateObjectMapping: 0.075600 ms MarkObjects: 2.473000 ms  DeleteObjects: 0.022900 ms)

AssetImportParameters requested are different than current active one (requested -> active):
  custom:video-decoder-ogg-theora: a1e56fd34408186e4bbccfd4996cb3dc -> 
  custom:container-muxer-webm: aa71ff27fc2769a1b78a27578f13a17b -> 
  custom:container-demuxer-webm: 4f35f7cbe854078d1ac9338744f61a02 -> 
  custom:video-encoder-webm-vp8: eb34c28f22e8b96e1ab97ce403110664 -> 
  custom:audio-encoder-webm-vorbis: bf7c407c2cedff20999df2af8eb42d56 -> 
  custom:framework-win-MediaFoundation: 216162199b28c13a410421893ffa2e32 -> 
  custom:container-demuxer-ogg: 62fdf1f143b41e24485cea50d1cbac27 -> 
  custom:video-decoder-webm-vp8: 9c59270c3fd7afecdb556c50c9e8de78 -> 
  custom:audio-decoder-ogg-vorbis: bf7c407c2cedff20999df2af8eb42d56 -> 
========================================================================
Received Prepare
Registering precompiled user dll's ...
Registered in 0.002987 seconds.
Begin MonoManager ReloadAssembly
Native extension for WindowsStandalone target not found
Native extension for WebGL target not found
Refreshing native plugins compatible for Editor in 0.34 ms, found 2 plugins.
Preloading 0 native plugins for Editor in 0.00 ms.
Mono: successfully reloaded assembly
- Completed reload, in  0.971 seconds
Domain Reload Profiling:
	ReloadAssembly (972ms)
		BeginReloadAssembly (115ms)
			ExecutionOrderSort (0ms)
			DisableScriptedObjects (6ms)
			BackupInstance (0ms)
			ReleaseScriptingObjects (0ms)
			CreateAndSetChildDomain (29ms)
		EndReloadAssembly (754ms)
			LoadAssemblies (67ms)
			RebuildTransferFunctionScriptingTraits (0ms)
			SetupTypeCache (202ms)
			ReleaseScriptCaches (1ms)
			RebuildScriptCaches (41ms)
			SetupLoadedEditorAssemblies (381ms)
				LogAssemblyErrors (0ms)
				InitializePlatformSupportModulesInManaged (19ms)
				SetLoadedEditorAssemblies (1ms)
				RefreshPlugins (0ms)
				BeforeProcessingInitializeOnLoad (61ms)
				ProcessInitializeOnLoadAttributes (255ms)
				ProcessInitializeOnLoadMethodAttributes (34ms)
				AfterProcessingInitializeOnLoad (11ms)
				EditorAssembliesLoaded (0ms)
			ExecutionOrderSort2 (0ms)
			AwakeInstancesAfterBackupRestoration (8ms)
Platform modules already initialized, skipping
Refreshing native plugins compatible for Editor in 1.48 ms, found 2 plugins.
Preloading 0 native plugins for Editor in 0.00 ms.
Unloading 1713 Unused Serialized files (Serialized files now loaded: 0)
Unloading 12 unused Assets / (24.7 KB). Loaded Objects now: 2193.
Memory consumption went from 73.7 MB to 73.7 MB.
Total: 3.287300 ms (FindLiveObjects: 0.338900 ms CreateObjectMapping: 0.144800 ms MarkObjects: 2.784800 ms  DeleteObjects: 0.017400 ms)

AssetImportParameters requested are different than current active one (requested -> active):
  custom:video-decoder-ogg-theora: a1e56fd34408186e4bbccfd4996cb3dc -> 
  custom:container-muxer-webm: aa71ff27fc2769a1b78a27578f13a17b -> 
  custom:container-demuxer-webm: 4f35f7cbe854078d1ac9338744f61a02 -> 
  custom:video-encoder-webm-vp8: eb34c28f22e8b96e1ab97ce403110664 -> 
  custom:audio-encoder-webm-vorbis: bf7c407c2cedff20999df2af8eb42d56 -> 
  custom:framework-win-MediaFoundation: 216162199b28c13a410421893ffa2e32 -> 
  custom:container-demuxer-ogg: 62fdf1f143b41e24485cea50d1cbac27 -> 
  custom:video-decoder-webm-vp8: 9c59270c3fd7afecdb556c50c9e8de78 -> 
  custom:audio-decoder-ogg-vorbis: bf7c407c2cedff20999df2af8eb42d56 -> 
========================================================================
Received Import Request.
  Time since last request: 228.203596 seconds.
  path: Assets/Prospector/Materials
  artifactKey: Guid(d0217d346471649b9800f30a40f91143) Importer(815301076,1909f56bfc062723c751e8b465ee728b)
Start importing Assets/Prospector/Materials using Guid(d0217d346471649b9800f30a40f91143) Importer(815301076,1909f56bfc062723c751e8b465ee728b)  -> (artifact id: '96cbf2318966674158e0422196139e99') in 0.010826 seconds 
========================================================================
Received Import Request.
  Time since last request: 3.456998 seconds.
  path: Assets/Prospector/Materials/Materials
  artifactKey: Guid(c05098ef885b05340a5e6054e29a601f) Importer(815301076,1909f56bfc062723c751e8b465ee728b)
Start importing Assets/Prospector/Materials/Materials using Guid(c05098ef885b05340a5e6054e29a601f) Importer(815301076,1909f56bfc062723c751e8b465ee728b)  -> (artifact id: 'f1e2b2d8284c096c259314d687efb4c0') in 0.003166 seconds 
========================================================================
Received Import Request.
  Time since last request: 36.306186 seconds.
  path: Assets/Prospector/Materials/ProspectorBackground.png
  artifactKey: Guid(410722e641735434fa9000d31a38bd1b) Importer(815301076,1909f56bfc062723c751e8b465ee728b)
Start importing Assets/Prospector/Materials/ProspectorBackground.png using Guid(410722e641735434fa9000d31a38bd1b) Importer(815301076,1909f56bfc062723c751e8b465ee728b)  -> (artifact id: '6d30e49b15da3628ee82c58f2bf8e116') in 0.055175 seconds 
========================================================================
Received Import Request.
  Time since last request: 69.567817 seconds.
  path: Assets/Prospector/Materials/ProspectorBackground.png
  artifactKey: Guid(410722e641735434fa9000d31a38bd1b) Importer(815301076,1909f56bfc062723c751e8b465ee728b)
Start importing Assets/Prospector/Materials/ProspectorBackground.png using Guid(410722e641735434fa9000d31a38bd1b) Importer(815301076,1909f56bfc062723c751e8b465ee728b)  -> (artifact id: '55d75d3213c2a36d06def082df08cd51') in 0.017303 seconds 
========================================================================
Received Import Request.
  Time since last request: 46.341857 seconds.
  path: Assets/Prospector/Materials/ProspectorBackground.png
  artifactKey: Guid(410722e641735434fa9000d31a38bd1b) Importer(815301076,1909f56bfc062723c751e8b465ee728b)
Start importing Assets/Prospector/Materials/ProspectorBackground.png using Guid(410722e641735434fa9000d31a38bd1b) Importer(815301076,1909f56bfc062723c751e8b465ee728b)  -> (artifact id: '6fccb3d227b6d8aaaa9b7ee98458874f') in 0.016761 seconds 
========================================================================
Received Import Request.
  Time since last request: 66.554718 seconds.
  path: Assets/Prospector/Materials/ProspectorBackground.png
  artifactKey: Guid(410722e641735434fa9000d31a38bd1b) Importer(815301076,1909f56bfc062723c751e8b465ee728b)
Start importing Assets/Prospector/Materials/ProspectorBackground.png using Guid(410722e641735434fa9000d31a38bd1b) Importer(815301076,1909f56bfc062723c751e8b465ee728b)  -> (artifact id: '873a0a29eaba94855b7d23108437c5c7') in 0.012154 seconds 
========================================================================
Received Import Request.
  Time since last request: 15.624540 seconds.
  path: Assets/Prospector/Materials/ProspectorBackground.png
  artifactKey: Guid(410722e641735434fa9000d31a38bd1b) Importer(815301076,1909f56bfc062723c751e8b465ee728b)
Start importing Assets/Prospector/Materials/ProspectorBackground.png using Guid(410722e641735434fa9000d31a38bd1b) Importer(815301076,1909f56bfc062723c751e8b465ee728b)  -> (artifact id: 'fb41bf35cc6741a0a9e1cd9c566a8422') in 0.011119 seconds 
========================================================================
Received Import Request.
  Time since last request: 68.098648 seconds.
  path: Assets/Prospector/__Scripts/BezierMover.cs
  artifactKey: Guid(9431114e1832f9e419168ae89def7472) Importer(815301076,1909f56bfc062723c751e8b465ee728b)
Start importing Assets/Prospector/__Scripts/BezierMover.cs using Guid(9431114e1832f9e419168ae89def7472) Importer(815301076,1909f56bfc062723c751e8b465ee728b)  -> (artifact id: '9c24c36cda10536a5f5daf13b36c4a27') in 0.007355 seconds 
========================================================================
Received Prepare
Registering precompiled user dll's ...
Registered in 0.003224 seconds.
Begin MonoManager ReloadAssembly
Native extension for WindowsStandalone target not found
Native extension for WebGL target not found
Refreshing native plugins compatible for Editor in 0.46 ms, found 2 plugins.
Preloading 0 native plugins for Editor in 0.00 ms.
Mono: successfully reloaded assembly
- Completed reload, in  0.884 seconds
Domain Reload Profiling:
	ReloadAssembly (885ms)
		BeginReloadAssembly (125ms)
			ExecutionOrderSort (0ms)
			DisableScriptedObjects (5ms)
			BackupInstance (0ms)
			ReleaseScriptingObjects (0ms)
			CreateAndSetChildDomain (28ms)
		EndReloadAssembly (648ms)
			LoadAssemblies (79ms)
			RebuildTransferFunctionScriptingTraits (0ms)
			SetupTypeCache (199ms)
			ReleaseScriptCaches (1ms)
			RebuildScriptCaches (35ms)
			SetupLoadedEditorAssemblies (293ms)
				LogAssemblyErrors (0ms)
				InitializePlatformSupportModulesInManaged (13ms)
				SetLoadedEditorAssemblies (1ms)
				RefreshPlugins (1ms)
				BeforeProcessingInitializeOnLoad (47ms)
				ProcessInitializeOnLoadAttributes (195ms)
				ProcessInitializeOnLoadMethodAttributes (28ms)
				AfterProcessingInitializeOnLoad (8ms)
				EditorAssembliesLoaded (0ms)
			ExecutionOrderSort2 (0ms)
			AwakeInstancesAfterBackupRestoration (6ms)
Platform modules already initialized, skipping
Refreshing native plugins compatible for Editor in 1.30 ms, found 2 plugins.
Preloading 0 native plugins for Editor in 0.00 ms.
Unloading 1714 Unused Serialized files (Serialized files now loaded: 0)
Unloading 12 unused Assets / (24.6 KB). Loaded Objects now: 2199.
Memory consumption went from 73.7 MB to 73.7 MB.
Total: 3.044800 ms (FindLiveObjects: 0.268100 ms CreateObjectMapping: 0.150600 ms MarkObjects: 2.605100 ms  DeleteObjects: 0.019500 ms)

AssetImportParameters requested are different than current active one (requested -> active):
  custom:video-decoder-ogg-theora: a1e56fd34408186e4bbccfd4996cb3dc -> 
  custom:container-muxer-webm: aa71ff27fc2769a1b78a27578f13a17b -> 
  custom:container-demuxer-webm: 4f35f7cbe854078d1ac9338744f61a02 -> 
  custom:video-encoder-webm-vp8: eb34c28f22e8b96e1ab97ce403110664 -> 
  custom:audio-encoder-webm-vorbis: bf7c407c2cedff20999df2af8eb42d56 -> 
  custom:framework-win-MediaFoundation: 216162199b28c13a410421893ffa2e32 -> 
  custom:container-demuxer-ogg: 62fdf1f143b41e24485cea50d1cbac27 -> 
  custom:video-decoder-webm-vp8: 9c59270c3fd7afecdb556c50c9e8de78 -> 
  custom:audio-decoder-ogg-vorbis: bf7c407c2cedff20999df2af8eb42d56 -> 
========================================================================
Received Import Request.
  Time since last request: 18.077974 seconds.
  path: Assets/Prospector/__Scripts/BezierMover.cs
  artifactKey: Guid(9431114e1832f9e419168ae89def7472) Importer(815301076,1909f56bfc062723c751e8b465ee728b)
Start importing Assets/Prospector/__Scripts/BezierMover.cs using Guid(9431114e1832f9e419168ae89def7472) Importer(815301076,1909f56bfc062723c751e8b465ee728b)  -> (artifact id: '155d20e2c5fbe4f1c08270b047aa775d') in 0.005727 seconds 
========================================================================
Received Import Request.
  Time since last request: 208.484048 seconds.
  path: Assets/Prospector/__Scripts/BezierMover.cs
  artifactKey: Guid(9431114e1832f9e419168ae89def7472) Importer(815301076,1909f56bfc062723c751e8b465ee728b)
Start importing Assets/Prospector/__Scripts/BezierMover.cs using Guid(9431114e1832f9e419168ae89def7472) Importer(815301076,1909f56bfc062723c751e8b465ee728b)  -> (artifact id: '9012057632a1336922c01b803e9d686a') in 0.002548 seconds 
========================================================================
Received Import Request.
  Time since last request: 19.596396 seconds.
  path: Assets/Prospector/__Scripts/BezierMover.cs
  artifactKey: Guid(9431114e1832f9e419168ae89def7472) Importer(815301076,1909f56bfc062723c751e8b465ee728b)
Start importing Assets/Prospector/__Scripts/BezierMover.cs using Guid(9431114e1832f9e419168ae89def7472) Importer(815301076,1909f56bfc062723c751e8b465ee728b)  -> (artifact id: 'fddc72f9d8058c38b28032ecf3498b1c') in 0.003515 seconds 
========================================================================
Received Import Request.
  Time since last request: 43.091784 seconds.
  path: Assets/Prospector/__Scripts/BezierMover.cs
  artifactKey: Guid(9431114e1832f9e419168ae89def7472) Importer(815301076,1909f56bfc062723c751e8b465ee728b)
Start importing Assets/Prospector/__Scripts/BezierMover.cs using Guid(9431114e1832f9e419168ae89def7472) Importer(815301076,1909f56bfc062723c751e8b465ee728b)  -> (artifact id: 'fe68d3aff1d07b2f9021ff5b7c6366ef') in 0.002406 seconds 
========================================================================
Received Import Request.
  Time since last request: 21.383023 seconds.
  path: Assets/Prospector/__Scripts/BezierMover.cs
  artifactKey: Guid(9431114e1832f9e419168ae89def7472) Importer(815301076,1909f56bfc062723c751e8b465ee728b)
Start importing Assets/Prospector/__Scripts/BezierMover.cs using Guid(9431114e1832f9e419168ae89def7472) Importer(815301076,1909f56bfc062723c751e8b465ee728b)  -> (artifact id: '3baf273cf6e0c10f7f2f9ab385040cbe') in 0.002400 seconds 
========================================================================
Received Import Request.
  Time since last request: 10.386298 seconds.
  path: Assets/Prospector/__Scripts/BezierMover.cs
  artifactKey: Guid(9431114e1832f9e419168ae89def7472) Importer(815301076,1909f56bfc062723c751e8b465ee728b)
Start importing Assets/Prospector/__Scripts/BezierMover.cs using Guid(9431114e1832f9e419168ae89def7472) Importer(815301076,1909f56bfc062723c751e8b465ee728b)  -> (artifact id: 'eabc0c1f5b742186b5e853ab05a008a9') in 0.002662 seconds 
========================================================================
Received Import Request.
  Time since last request: 89.637892 seconds.
  path: Assets/Prospector/__Scripts/BezierMover.cs
  artifactKey: Guid(9431114e1832f9e419168ae89def7472) Importer(815301076,1909f56bfc062723c751e8b465ee728b)
Start importing Assets/Prospector/__Scripts/BezierMover.cs using Guid(9431114e1832f9e419168ae89def7472) Importer(815301076,1909f56bfc062723c751e8b465ee728b)  -> (artifact id: 'df64ec41951e161a79f4e70f050ca87f') in 0.002610 seconds 
========================================================================
Received Import Request.
  Time since last request: 9.806653 seconds.
  path: Assets/Prospector/__Scripts/BezierMover.cs
  artifactKey: Guid(9431114e1832f9e419168ae89def7472) Importer(815301076,1909f56bfc062723c751e8b465ee728b)
Start importing Assets/Prospector/__Scripts/BezierMover.cs using Guid(9431114e1832f9e419168ae89def7472) Importer(815301076,1909f56bfc062723c751e8b465ee728b)  -> (artifact id: 'ac3a4b6a1e83afe64da7db56a5c53cd6') in 0.002733 seconds 
========================================================================
Received Import Request.
  Time since last request: 22.778079 seconds.
  path: Assets/Prospector/__Scripts/BezierMover.cs
  artifactKey: Guid(9431114e1832f9e419168ae89def7472) Importer(815301076,1909f56bfc062723c751e8b465ee728b)
Start importing Assets/Prospector/__Scripts/BezierMover.cs using Guid(9431114e1832f9e419168ae89def7472) Importer(815301076,1909f56bfc062723c751e8b465ee728b)  -> (artifact id: '15c6c98b07faaeb0205c726c1da601dd') in 0.002440 seconds 
========================================================================
Received Import Request.
  Time since last request: 78.919990 seconds.
  path: Assets/Prospector/__Scripts/BezierMover.cs
  artifactKey: Guid(9431114e1832f9e419168ae89def7472) Importer(815301076,1909f56bfc062723c751e8b465ee728b)
Start importing Assets/Prospector/__Scripts/BezierMover.cs using Guid(9431114e1832f9e419168ae89def7472) Importer(815301076,1909f56bfc062723c751e8b465ee728b)  -> (artifact id: 'e0d97fe992ffc2d58eaae0132d037ffa') in 0.002305 seconds 
========================================================================
Received Import Request.
  Time since last request: 3.421684 seconds.
  path: Assets/Prospector/__Scripts/BezierMover.cs
  artifactKey: Guid(9431114e1832f9e419168ae89def7472) Importer(815301076,1909f56bfc062723c751e8b465ee728b)
Start importing Assets/Prospector/__Scripts/BezierMover.cs using Guid(9431114e1832f9e419168ae89def7472) Importer(815301076,1909f56bfc062723c751e8b465ee728b)  -> (artifact id: 'ca5ef62887ea46731d73aa33c112cd3c') in 0.002625 seconds 
========================================================================
Received Import Request.
  Time since last request: 25.788136 seconds.
  path: Assets/Prospector/__Scripts/BezierMover.cs
  artifactKey: Guid(9431114e1832f9e419168ae89def7472) Importer(815301076,1909f56bfc062723c751e8b465ee728b)
Start importing Assets/Prospector/__Scripts/BezierMover.cs using Guid(9431114e1832f9e419168ae89def7472) Importer(815301076,1909f56bfc062723c751e8b465ee728b)  -> (artifact id: '65bed11c11ef324d868264309f7637d3') in 0.002541 seconds 
========================================================================
Received Import Request.
  Time since last request: 12.201652 seconds.
  path: Assets/Prospector/__Scripts/BezierMover.cs
  artifactKey: Guid(9431114e1832f9e419168ae89def7472) Importer(815301076,1909f56bfc062723c751e8b465ee728b)
Start importing Assets/Prospector/__Scripts/BezierMover.cs using Guid(9431114e1832f9e419168ae89def7472) Importer(815301076,1909f56bfc062723c751e8b465ee728b)  -> (artifact id: '00cf20d25a04b9d7c9fe54bc2fe4a0d7') in 0.002422 seconds 
========================================================================
Received Import Request.
  Time since last request: 15.125655 seconds.
  path: Assets/Prospector/__Scripts/BezierMover.cs
  artifactKey: Guid(9431114e1832f9e419168ae89def7472) Importer(815301076,1909f56bfc062723c751e8b465ee728b)
Start importing Assets/Prospector/__Scripts/BezierMover.cs using Guid(9431114e1832f9e419168ae89def7472) Importer(815301076,1909f56bfc062723c751e8b465ee728b)  -> (artifact id: '4501d3eb615531bf39deee075b3da7dc') in 0.002780 seconds 
========================================================================
Received Import Request.
  Time since last request: 12.709179 seconds.
  path: Assets/Prospector/__Scripts/BezierMover.cs
  artifactKey: Guid(9431114e1832f9e419168ae89def7472) Importer(815301076,1909f56bfc062723c751e8b465ee728b)
Start importing Assets/Prospector/__Scripts/BezierMover.cs using Guid(9431114e1832f9e419168ae89def7472) Importer(815301076,1909f56bfc062723c751e8b465ee728b)  -> (artifact id: '636a632b41c74f9b80c19f7ca5ebaa2f') in 0.002650 seconds 
========================================================================
Received Import Request.
  Time since last request: 144.239997 seconds.
  path: Assets/Prospector/__Scripts/BezierMover.cs
  artifactKey: Guid(9431114e1832f9e419168ae89def7472) Importer(815301076,1909f56bfc062723c751e8b465ee728b)
Start importing Assets/Prospector/__Scripts/BezierMover.cs using Guid(9431114e1832f9e419168ae89def7472) Importer(815301076,1909f56bfc062723c751e8b465ee728b)  -> (artifact id: '8dfd047c66ef709f23b972b227fe7a23') in 0.002458 seconds 
========================================================================
Received Import Request.
  Time since last request: 34.150320 seconds.
  path: Assets/Prospector/__Scripts/BezierMover.cs
  artifactKey: Guid(9431114e1832f9e419168ae89def7472) Importer(815301076,1909f56bfc062723c751e8b465ee728b)
Start importing Assets/Prospector/__Scripts/BezierMover.cs using Guid(9431114e1832f9e419168ae89def7472) Importer(815301076,1909f56bfc062723c751e8b465ee728b)  -> (artifact id: '2ff1a5d2f5559230f5422e7dc6fc4c72') in 0.002222 seconds 
========================================================================
Received Import Request.
  Time since last request: 33.880451 seconds.
  path: Assets/Prospector/__Scripts/BezierMover.cs
  artifactKey: Guid(9431114e1832f9e419168ae89def7472) Importer(815301076,1909f56bfc062723c751e8b465ee728b)
Start importing Assets/Prospector/__Scripts/BezierMover.cs using Guid(9431114e1832f9e419168ae89def7472) Importer(815301076,1909f56bfc062723c751e8b465ee728b)  -> (artifact id: '342ab6140f43b3205b253cae00347322') in 0.001987 seconds 
========================================================================
Received Import Request.
  Time since last request: 13.180794 seconds.
  path: Assets/Prospector/__Scripts/BezierMover.cs
  artifactKey: Guid(9431114e1832f9e419168ae89def7472) Importer(815301076,1909f56bfc062723c751e8b465ee728b)
Start importing Assets/Prospector/__Scripts/BezierMover.cs using Guid(9431114e1832f9e419168ae89def7472) Importer(815301076,1909f56bfc062723c751e8b465ee728b)  -> (artifact id: '58e828bb0d853c19487da92a286f07f0') in 0.002502 seconds 
========================================================================
Received Import Request.
  Time since last request: 22.500036 seconds.
  path: Assets/Prospector/__Scripts/BezierMover.cs
  artifactKey: Guid(9431114e1832f9e419168ae89def7472) Importer(815301076,1909f56bfc062723c751e8b465ee728b)
Start importing Assets/Prospector/__Scripts/BezierMover.cs using Guid(9431114e1832f9e419168ae89def7472) Importer(815301076,1909f56bfc062723c751e8b465ee728b)  -> (artifact id: '8866e8ef3b536611c892ca00862cdcf4') in 0.002282 seconds 
========================================================================
Received Import Request.
  Time since last request: 37.178521 seconds.
  path: Assets/Prospector/__Scripts/BezierMover.cs
  artifactKey: Guid(9431114e1832f9e419168ae89def7472) Importer(815301076,1909f56bfc062723c751e8b465ee728b)
Start importing Assets/Prospector/__Scripts/BezierMover.cs using Guid(9431114e1832f9e419168ae89def7472) Importer(815301076,1909f56bfc062723c751e8b465ee728b)  -> (artifact id: 'bb27416a258cf4cf22a1dfb96f951486') in 0.002840 seconds 
========================================================================
Received Import Request.
  Time since last request: 36.390176 seconds.
  path: Assets/Prospector/__Scripts/BezierMover.cs
  artifactKey: Guid(9431114e1832f9e419168ae89def7472) Importer(815301076,1909f56bfc062723c751e8b465ee728b)
Start importing Assets/Prospector/__Scripts/BezierMover.cs using Guid(9431114e1832f9e419168ae89def7472) Importer(815301076,1909f56bfc062723c751e8b465ee728b)  -> (artifact id: '8582c5bb265737becc903ca025f3574f') in 0.002751 seconds 
========================================================================
Received Import Request.
  Time since last request: 2.510965 seconds.
  path: Assets/Prospector/__Scripts/BezierMover.cs
  artifactKey: Guid(9431114e1832f9e419168ae89def7472) Importer(815301076,1909f56bfc062723c751e8b465ee728b)
Start importing Assets/Prospector/__Scripts/BezierMover.cs using Guid(9431114e1832f9e419168ae89def7472) Importer(815301076,1909f56bfc062723c751e8b465ee728b)  -> (artifact id: 'bf90f2e16af5df510908a0a01db10dd8') in 0.002271 seconds 
========================================================================
Received Import Request.
  Time since last request: 8.608431 seconds.
  path: Assets/Prospector/__Scripts/BezierMover.cs
  artifactKey: Guid(9431114e1832f9e419168ae89def7472) Importer(815301076,1909f56bfc062723c751e8b465ee728b)
Start importing Assets/Prospector/__Scripts/BezierMover.cs using Guid(9431114e1832f9e419168ae89def7472) Importer(815301076,1909f56bfc062723c751e8b465ee728b)  -> (artifact id: 'e19b5985f7036b6034c4f5ef333587b4') in 0.002225 seconds 
========================================================================
Received Import Request.
  Time since last request: 44.660418 seconds.
  path: Assets/Prospector/__Scripts/BezierMover.cs
  artifactKey: Guid(9431114e1832f9e419168ae89def7472) Importer(815301076,1909f56bfc062723c751e8b465ee728b)
Start importing Assets/Prospector/__Scripts/BezierMover.cs using Guid(9431114e1832f9e419168ae89def7472) Importer(815301076,1909f56bfc062723c751e8b465ee728b)  -> (artifact id: '837ab73a2d25ad379ed38cf5a8a04d17') in 0.002215 seconds 
========================================================================
Received Import Request.
  Time since last request: 48.946584 seconds.
  path: Assets/Prospector/__Scripts/BezierMover.cs
  artifactKey: Guid(9431114e1832f9e419168ae89def7472) Importer(815301076,1909f56bfc062723c751e8b465ee728b)
Start importing Assets/Prospector/__Scripts/BezierMover.cs using Guid(9431114e1832f9e419168ae89def7472) Importer(815301076,1909f56bfc062723c751e8b465ee728b)  -> (artifact id: '3d3950ca3ab9e0fcbe9d198fee3e637b') in 0.002523 seconds 
========================================================================
Received Import Request.
  Time since last request: 4.005176 seconds.
  path: Assets/Prospector/__Scripts/BezierMover.cs
  artifactKey: Guid(9431114e1832f9e419168ae89def7472) Importer(815301076,1909f56bfc062723c751e8b465ee728b)
Start importing Assets/Prospector/__Scripts/BezierMover.cs using Guid(9431114e1832f9e419168ae89def7472) Importer(815301076,1909f56bfc062723c751e8b465ee728b)  -> (artifact id: '1d4df7bf0f33074596ec6764eca03de8') in 0.002641 seconds 
========================================================================
Received Import Request.
  Time since last request: 3.235283 seconds.
  path: Assets/Prospector/__Scripts/BezierMover.cs
  artifactKey: Guid(9431114e1832f9e419168ae89def7472) Importer(815301076,1909f56bfc062723c751e8b465ee728b)
Start importing Assets/Prospector/__Scripts/BezierMover.cs using Guid(9431114e1832f9e419168ae89def7472) Importer(815301076,1909f56bfc062723c751e8b465ee728b)  -> (artifact id: '997acbe81f092ea0386cbbbe13b0409c') in 0.001867 seconds 
========================================================================
Received Import Request.
  Time since last request: 8.398289 seconds.
  path: Assets/Prospector/__Scripts/BezierMover.cs
  artifactKey: Guid(9431114e1832f9e419168ae89def7472) Importer(815301076,1909f56bfc062723c751e8b465ee728b)
Start importing Assets/Prospector/__Scripts/BezierMover.cs using Guid(9431114e1832f9e419168ae89def7472) Importer(815301076,1909f56bfc062723c751e8b465ee728b)  -> (artifact id: '10d98a2685dbbd9ab023f6eda8bb3978') in 0.002151 seconds 
========================================================================
Received Import Request.
  Time since last request: 57.672903 seconds.
  path: Assets/Prospector/__Scripts/BezierMover.cs
  artifactKey: Guid(9431114e1832f9e419168ae89def7472) Importer(815301076,1909f56bfc062723c751e8b465ee728b)
Start importing Assets/Prospector/__Scripts/BezierMover.cs using Guid(9431114e1832f9e419168ae89def7472) Importer(815301076,1909f56bfc062723c751e8b465ee728b)  -> (artifact id: '5b333fa16174cfc591363795e3735d75') in 0.002113 seconds 
========================================================================
Received Import Request.
  Time since last request: 23.717747 seconds.
  path: Assets/Prospector/__Scripts/BezierMover.cs
  artifactKey: Guid(9431114e1832f9e419168ae89def7472) Importer(815301076,1909f56bfc062723c751e8b465ee728b)
Start importing Assets/Prospector/__Scripts/BezierMover.cs using Guid(9431114e1832f9e419168ae89def7472) Importer(815301076,1909f56bfc062723c751e8b465ee728b)  -> (artifact id: '8aa1884cfcdaab63116ef4d89d4191ac') in 0.002129 seconds 
========================================================================
Received Import Request.
  Time since last request: 17.526795 seconds.
  path: Assets/Prospector/__Scripts/BezierMover.cs
  artifactKey: Guid(9431114e1832f9e419168ae89def7472) Importer(815301076,1909f56bfc062723c751e8b465ee728b)
Start importing Assets/Prospector/__Scripts/BezierMover.cs using Guid(9431114e1832f9e419168ae89def7472) Importer(815301076,1909f56bfc062723c751e8b465ee728b)  -> (artifact id: '0a12d1a4f3309098199214e24e5de367') in 0.002516 seconds 
========================================================================
Received Import Request.
  Time since last request: 4.227942 seconds.
  path: Assets/Prospector/__Scripts/BezierMover.cs
  artifactKey: Guid(9431114e1832f9e419168ae89def7472) Importer(815301076,1909f56bfc062723c751e8b465ee728b)
Start importing Assets/Prospector/__Scripts/BezierMover.cs using Guid(9431114e1832f9e419168ae89def7472) Importer(815301076,1909f56bfc062723c751e8b465ee728b)  -> (artifact id: '3a7b58a0bb0d9cf68f10745d7b040beb') in 0.002417 seconds 
========================================================================
Received Import Request.
  Time since last request: 9.916175 seconds.
  path: Assets/Prospector/__Scripts/BezierMover.cs
  artifactKey: Guid(9431114e1832f9e419168ae89def7472) Importer(815301076,1909f56bfc062723c751e8b465ee728b)
Start importing Assets/Prospector/__Scripts/BezierMover.cs using Guid(9431114e1832f9e419168ae89def7472) Importer(815301076,1909f56bfc062723c751e8b465ee728b)  -> (artifact id: '99b7236f0ac7f9875b66f9fb278ff777') in 0.001870 seconds 
========================================================================
Received Import Request.
  Time since last request: 9.709995 seconds.
  path: Assets/Prospector/__Scripts/BezierMover.cs
  artifactKey: Guid(9431114e1832f9e419168ae89def7472) Importer(815301076,1909f56bfc062723c751e8b465ee728b)
Start importing Assets/Prospector/__Scripts/BezierMover.cs using Guid(9431114e1832f9e419168ae89def7472) Importer(815301076,1909f56bfc062723c751e8b465ee728b)  -> (artifact id: '88a7524310a6273bf94c9a45505230a8') in 0.002684 seconds 
========================================================================
Received Import Request.
  Time since last request: 9.616396 seconds.
  path: Assets/Prospector/__Scripts/BezierMover.cs
  artifactKey: Guid(9431114e1832f9e419168ae89def7472) Importer(815301076,1909f56bfc062723c751e8b465ee728b)
Start importing Assets/Prospector/__Scripts/BezierMover.cs using Guid(9431114e1832f9e419168ae89def7472) Importer(815301076,1909f56bfc062723c751e8b465ee728b)  -> (artifact id: 'cd694373a36d02c1fb58b36d8f8600d3') in 0.002542 seconds 
========================================================================
Received Import Request.
  Time since last request: 8.612701 seconds.
  path: Assets/Prospector/__Scripts/BezierMover.cs
  artifactKey: Guid(9431114e1832f9e419168ae89def7472) Importer(815301076,1909f56bfc062723c751e8b465ee728b)
Start importing Assets/Prospector/__Scripts/BezierMover.cs using Guid(9431114e1832f9e419168ae89def7472) Importer(815301076,1909f56bfc062723c751e8b465ee728b)  -> (artifact id: '2c2fd889adfdcd2ede6305af805b937a') in 0.002254 seconds 
========================================================================
Received Import Request.
  Time since last request: 10.508938 seconds.
  path: Assets/Prospector/__Scripts/BezierMover.cs
  artifactKey: Guid(9431114e1832f9e419168ae89def7472) Importer(815301076,1909f56bfc062723c751e8b465ee728b)
Start importing Assets/Prospector/__Scripts/BezierMover.cs using Guid(9431114e1832f9e419168ae89def7472) Importer(815301076,1909f56bfc062723c751e8b465ee728b)  -> (artifact id: '8bf487de96a9974b9341592213a97691') in 0.002096 seconds 
========================================================================
Received Import Request.
  Time since last request: 18.918808 seconds.
  path: Assets/Prospector/__Scripts/BezierMover.cs
  artifactKey: Guid(9431114e1832f9e419168ae89def7472) Importer(815301076,1909f56bfc062723c751e8b465ee728b)
Start importing Assets/Prospector/__Scripts/BezierMover.cs using Guid(9431114e1832f9e419168ae89def7472) Importer(815301076,1909f56bfc062723c751e8b465ee728b)  -> (artifact id: 'c448d0a8f79d16c37b792b2d656053cb') in 0.002408 seconds 
========================================================================
Received Prepare
Registering precompiled user dll's ...
Registered in 0.004779 seconds.
Begin MonoManager ReloadAssembly
Native extension for WindowsStandalone target not found
Native extension for WebGL target not found
Refreshing native plugins compatible for Editor in 0.35 ms, found 2 plugins.
Preloading 0 native plugins for Editor in 0.00 ms.
Mono: successfully reloaded assembly
- Completed reload, in  0.916 seconds
Domain Reload Profiling:
	ReloadAssembly (917ms)
		BeginReloadAssembly (130ms)
			ExecutionOrderSort (0ms)
			DisableScriptedObjects (7ms)
			BackupInstance (0ms)
			ReleaseScriptingObjects (0ms)
			CreateAndSetChildDomain (32ms)
		EndReloadAssembly (691ms)
			LoadAssemblies (76ms)
			RebuildTransferFunctionScriptingTraits (0ms)
			SetupTypeCache (189ms)
			ReleaseScriptCaches (1ms)
			RebuildScriptCaches (37ms)
			SetupLoadedEditorAssemblies (351ms)
				LogAssemblyErrors (0ms)
				InitializePlatformSupportModulesInManaged (15ms)
				SetLoadedEditorAssemblies (1ms)
				RefreshPlugins (0ms)
				BeforeProcessingInitializeOnLoad (52ms)
				ProcessInitializeOnLoadAttributes (239ms)
				ProcessInitializeOnLoadMethodAttributes (35ms)
				AfterProcessingInitializeOnLoad (9ms)
				EditorAssembliesLoaded (0ms)
			ExecutionOrderSort2 (0ms)
			AwakeInstancesAfterBackupRestoration (5ms)
Platform modules already initialized, skipping
Refreshing native plugins compatible for Editor in 1.33 ms, found 2 plugins.
Preloading 0 native plugins for Editor in 0.00 ms.
Unloading 1714 Unused Serialized files (Serialized files now loaded: 0)
Unloading 12 unused Assets / (24.6 KB). Loaded Objects now: 2202.
Memory consumption went from 73.8 MB to 73.7 MB.
Total: 2.586600 ms (FindLiveObjects: 0.127900 ms CreateObjectMapping: 0.054100 ms MarkObjects: 2.392800 ms  DeleteObjects: 0.011000 ms)

AssetImportParameters requested are different than current active one (requested -> active):
  custom:video-decoder-ogg-theora: a1e56fd34408186e4bbccfd4996cb3dc -> 
  custom:container-muxer-webm: aa71ff27fc2769a1b78a27578f13a17b -> 
  custom:container-demuxer-webm: 4f35f7cbe854078d1ac9338744f61a02 -> 
  custom:video-encoder-webm-vp8: eb34c28f22e8b96e1ab97ce403110664 -> 
  custom:audio-encoder-webm-vorbis: bf7c407c2cedff20999df2af8eb42d56 -> 
  custom:framework-win-MediaFoundation: 216162199b28c13a410421893ffa2e32 -> 
  custom:container-demuxer-ogg: 62fdf1f143b41e24485cea50d1cbac27 -> 
  custom:video-decoder-webm-vp8: 9c59270c3fd7afecdb556c50c9e8de78 -> 
  custom:audio-decoder-ogg-vorbis: bf7c407c2cedff20999df2af8eb42d56 -> 
========================================================================
Received Prepare
Registering precompiled user dll's ...
Registered in 0.003993 seconds.
Begin MonoManager ReloadAssembly
Native extension for WindowsStandalone target not found
Native extension for WebGL target not found
Refreshing native plugins compatible for Editor in 0.59 ms, found 2 plugins.
Preloading 0 native plugins for Editor in 0.00 ms.
Mono: successfully reloaded assembly
- Completed reload, in  0.969 seconds
Domain Reload Profiling:
	ReloadAssembly (970ms)
		BeginReloadAssembly (127ms)
			ExecutionOrderSort (0ms)
			DisableScriptedObjects (6ms)
			BackupInstance (0ms)
			ReleaseScriptingObjects (0ms)
			CreateAndSetChildDomain (32ms)
		EndReloadAssembly (742ms)
			LoadAssemblies (74ms)
			RebuildTransferFunctionScriptingTraits (0ms)
			SetupTypeCache (204ms)
			ReleaseScriptCaches (1ms)
			RebuildScriptCaches (41ms)
			SetupLoadedEditorAssemblies (378ms)
				LogAssemblyErrors (0ms)
				InitializePlatformSupportModulesInManaged (20ms)
				SetLoadedEditorAssemblies (1ms)
				RefreshPlugins (1ms)
				BeforeProcessingInitializeOnLoad (67ms)
				ProcessInitializeOnLoadAttributes (247ms)
				ProcessInitializeOnLoadMethodAttributes (32ms)
				AfterProcessingInitializeOnLoad (10ms)
				EditorAssembliesLoaded (0ms)
			ExecutionOrderSort2 (0ms)
			AwakeInstancesAfterBackupRestoration (6ms)
Platform modules already initialized, skipping
Refreshing native plugins compatible for Editor in 1.75 ms, found 2 plugins.
Preloading 0 native plugins for Editor in 0.00 ms.
Unloading 1714 Unused Serialized files (Serialized files now loaded: 0)
Unloading 12 unused Assets / (24.6 KB). Loaded Objects now: 2205.
Memory consumption went from 73.8 MB to 73.7 MB.
Total: 3.114300 ms (FindLiveObjects: 0.153000 ms CreateObjectMapping: 0.067500 ms MarkObjects: 2.874900 ms  DeleteObjects: 0.017400 ms)

AssetImportParameters requested are different than current active one (requested -> active):
  custom:video-decoder-ogg-theora: a1e56fd34408186e4bbccfd4996cb3dc -> 
  custom:container-muxer-webm: aa71ff27fc2769a1b78a27578f13a17b -> 
  custom:container-demuxer-webm: 4f35f7cbe854078d1ac9338744f61a02 -> 
  custom:video-encoder-webm-vp8: eb34c28f22e8b96e1ab97ce403110664 -> 
  custom:audio-encoder-webm-vorbis: bf7c407c2cedff20999df2af8eb42d56 -> 
  custom:framework-win-MediaFoundation: 216162199b28c13a410421893ffa2e32 -> 
  custom:container-demuxer-ogg: 62fdf1f143b41e24485cea50d1cbac27 -> 
  custom:video-decoder-webm-vp8: 9c59270c3fd7afecdb556c50c9e8de78 -> 
  custom:audio-decoder-ogg-vorbis: bf7c407c2cedff20999df2af8eb42d56 -> 
========================================================================
Received Prepare
Registering precompiled user dll's ...
Registered in 0.003826 seconds.
Begin MonoManager ReloadAssembly
Native extension for WindowsStandalone target not found
Native extension for WebGL target not found
Refreshing native plugins compatible for Editor in 0.46 ms, found 2 plugins.
Preloading 0 native plugins for Editor in 0.00 ms.
Mono: successfully reloaded assembly
- Completed reload, in  1.020 seconds
Domain Reload Profiling:
	ReloadAssembly (1021ms)
		BeginReloadAssembly (118ms)
			ExecutionOrderSort (0ms)
			DisableScriptedObjects (6ms)
			BackupInstance (0ms)
			ReleaseScriptingObjects (0ms)
			CreateAndSetChildDomain (27ms)
		EndReloadAssembly (798ms)
			LoadAssemblies (70ms)
			RebuildTransferFunctionScriptingTraits (0ms)
			SetupTypeCache (187ms)
			ReleaseScriptCaches (1ms)
			RebuildScriptCaches (35ms)
			SetupLoadedEditorAssemblies (437ms)
				LogAssemblyErrors (0ms)
				InitializePlatformSupportModulesInManaged (15ms)
				SetLoadedEditorAssemblies (0ms)
				RefreshPlugins (1ms)
				BeforeProcessingInitializeOnLoad (54ms)
				ProcessInitializeOnLoadAttributes (272ms)
				ProcessInitializeOnLoadMethodAttributes (73ms)
				AfterProcessingInitializeOnLoad (23ms)
				EditorAssembliesLoaded (0ms)
			ExecutionOrderSort2 (0ms)
			AwakeInstancesAfterBackupRestoration (10ms)
Platform modules already initialized, skipping
Refreshing native plugins compatible for Editor in 1.60 ms, found 2 plugins.
Preloading 0 native plugins for Editor in 0.00 ms.
Unloading 1727 Unused Serialized files (Serialized files now loaded: 0)
Unloading 25 unused Assets / (0.7 MB). Loaded Objects now: 2208.
Memory consumption went from 76.0 MB to 75.3 MB.
Total: 5.160400 ms (FindLiveObjects: 0.304400 ms CreateObjectMapping: 0.234500 ms MarkObjects: 4.334100 ms  DeleteObjects: 0.285800 ms)

AssetImportParameters requested are different than current active one (requested -> active):
  custom:video-decoder-ogg-theora: a1e56fd34408186e4bbccfd4996cb3dc -> 
  custom:container-muxer-webm: aa71ff27fc2769a1b78a27578f13a17b -> 
  custom:container-demuxer-webm: 4f35f7cbe854078d1ac9338744f61a02 -> 
  custom:video-encoder-webm-vp8: eb34c28f22e8b96e1ab97ce403110664 -> 
  custom:audio-encoder-webm-vorbis: bf7c407c2cedff20999df2af8eb42d56 -> 
  custom:framework-win-MediaFoundation: 216162199b28c13a410421893ffa2e32 -> 
  custom:container-demuxer-ogg: 62fdf1f143b41e24485cea50d1cbac27 -> 
  custom:video-decoder-webm-vp8: 9c59270c3fd7afecdb556c50c9e8de78 -> 
  custom:audio-decoder-ogg-vorbis: bf7c407c2cedff20999df2af8eb42d56 -> 
========================================================================
Received Prepare
Registering precompiled user dll's ...
Registered in 0.004333 seconds.
Begin MonoManager ReloadAssembly
Native extension for WindowsStandalone target not found
Native extension for WebGL target not found
Refreshing native plugins compatible for Editor in 0.36 ms, found 2 plugins.
Preloading 0 native plugins for Editor in 0.00 ms.
Mono: successfully reloaded assembly
- Completed reload, in  0.965 seconds
Domain Reload Profiling:
	ReloadAssembly (965ms)
		BeginReloadAssembly (135ms)
			ExecutionOrderSort (0ms)
			DisableScriptedObjects (7ms)
			BackupInstance (0ms)
			ReleaseScriptingObjects (0ms)
			CreateAndSetChildDomain (30ms)
		EndReloadAssembly (735ms)
			LoadAssemblies (82ms)
			RebuildTransferFunctionScriptingTraits (0ms)
			SetupTypeCache (228ms)
			ReleaseScriptCaches (1ms)
			RebuildScriptCaches (35ms)
			SetupLoadedEditorAssemblies (353ms)
				LogAssemblyErrors (0ms)
				InitializePlatformSupportModulesInManaged (15ms)
				SetLoadedEditorAssemblies (0ms)
				RefreshPlugins (0ms)
				BeforeProcessingInitializeOnLoad (66ms)
				ProcessInitializeOnLoadAttributes (226ms)
				ProcessInitializeOnLoadMethodAttributes (34ms)
				AfterProcessingInitializeOnLoad (9ms)
				EditorAssembliesLoaded (0ms)
			ExecutionOrderSort2 (0ms)
			AwakeInstancesAfterBackupRestoration (6ms)
Platform modules already initialized, skipping
Refreshing native plugins compatible for Editor in 1.94 ms, found 2 plugins.
Preloading 0 native plugins for Editor in 0.00 ms.
Unloading 1761 Unused Serialized files (Serialized files now loaded: 0)
Unloading 25 unused Assets / (0.7 MB). Loaded Objects now: 2245.
Memory consumption went from 76.9 MB to 76.3 MB.
Total: 3.038000 ms (FindLiveObjects: 0.195000 ms CreateObjectMapping: 0.066500 ms MarkObjects: 2.492700 ms  DeleteObjects: 0.282500 ms)

AssetImportParameters requested are different than current active one (requested -> active):
  custom:video-decoder-ogg-theora: a1e56fd34408186e4bbccfd4996cb3dc -> 
  custom:container-muxer-webm: aa71ff27fc2769a1b78a27578f13a17b -> 
  custom:container-demuxer-webm: 4f35f7cbe854078d1ac9338744f61a02 -> 
  custom:video-encoder-webm-vp8: eb34c28f22e8b96e1ab97ce403110664 -> 
  custom:audio-encoder-webm-vorbis: bf7c407c2cedff20999df2af8eb42d56 -> 
  custom:framework-win-MediaFoundation: 216162199b28c13a410421893ffa2e32 -> 
  custom:container-demuxer-ogg: 62fdf1f143b41e24485cea50d1cbac27 -> 
  custom:video-decoder-webm-vp8: 9c59270c3fd7afecdb556c50c9e8de78 -> 
  custom:audio-decoder-ogg-vorbis: bf7c407c2cedff20999df2af8eb42d56 -> 
